2024-12-26T08:44:02+00:00 DEBUG 
====Stripe Version: 9.0.0====
====Stripe Plugin API Version: 2024-06-20====
====Start Log====
account
====End Log====

2024-12-26T08:58:09+00:00 DEBUG 
====Stripe Version: 9.0.0====
====Stripe Plugin API Version: 2024-06-20====
====Start Log====
account
====End Log====

2024-12-26T14:43:58+00:00 DEBUG 
====Stripe Version: 9.0.0====
====Stripe Plugin API Version: 2024-06-20====
====Start Log====
account
====End Log====

2024-12-26T16:44:37+00:00 DEBUG 
====Stripe Version: 9.0.0====
====Stripe Plugin API Version: 2024-06-20====
====Start Log====
account
====End Log====

2024-12-26T19:41:29+00:00 DEBUG 
====Stripe Version: 9.0.0====
====Stripe Plugin API Version: 2024-06-20====
====Start Log====
account
====End Log====

