2024-12-25T03:59:33+00:00 DEBUG 
====Stripe Version: 8.8.1====
====Stripe Plugin API Version: 2024-06-20====
====Start Log====
account
====End Log====

2024-12-25T04:06:57+00:00 DEBUG 
====Stripe Version: 8.8.1====
====Stripe Plugin API Version: 2024-06-20====
====Start Log====
Domain association file updated.
====End Log====

2024-12-25T04:06:58+00:00 DEBUG 
====Stripe Version: 8.8.1====
====Stripe Plugin API Version: 2024-06-20====
====Start Log====
Your domain has been verified with Apple Pay!
====End Log====

2024-12-25T04:11:00+00:00 DEBUG 
====Stripe Version: 9.0.0====
====Stripe Plugin API Version: 2024-06-20====
====Start Log====
Your domain has been verified with Apple Pay!
====End Log====

2024-12-25T06:01:12+00:00 DEBUG 
====Stripe Version: 9.0.0====
====Stripe Plugin API Version: 2024-06-20====
====Start Log====
account
====End Log====

