2024-10-22T12:06:26+00:00 DEBUG 
====Stripe Version: 8.6.1====
====Stripe Plugin API Version: 2024-06-20====
====Start Log====
account
====End Log====

2024-10-22T12:06:26+00:00 DEBUG 
====Stripe Version: 8.6.1====
====Stripe Plugin API Version: 2024-06-20====
====Start Log====
account
====End Log====

2024-10-22T12:06:51+00:00 DEBUG 
====Stripe Version: 8.6.1====
====Stripe Plugin API Version: 2024-06-20====
====Start Log====
account
====End Log====

2024-10-22T15:11:10+00:00 DEBUG 
====Stripe Version: 8.6.1====
====Stripe Plugin API Version: 2024-06-20====
====Start Log====
account
====End Log====

